Build started 15/10/2019 20:06:18.
     1>Project "Z:\College\2019-2020\Software design\Lab 1\Lab 2\FPAR\FPAR\FPAR.vcxproj" on node 2 (build target(s)).
     1>InitializeBuildStatus:
         Creating "Debug\FPAR.unsuccessfulbuild" because "AlwaysCreate" was specified.
       ClCompile:
         C:\Program Files (x86)\Microsoft Visual Studio 10.0\VC\bin\CL.exe /c /ZI /nologo /W3 /WX- /Od /Oy- /D WIN32 /D _DEBUG /D _CONSOLE /D _UNICODE /D UNICODE /Gm /EHsc /RTC1 /MDd /GS /fp:precise /Zc:wchar_t /Zc:forScope /Fo"Debug\\" /Fd"Debug\vc100.pdb" /Gd /TP /analyze- /errorReport:prompt FPAR.cpp
         FPAR.cpp
       ManifestResourceCompile:
         All outputs are up-to-date.
       Link:
         C:\Program Files (x86)\Microsoft Visual Studio 10.0\VC\bin\link.exe /ERRORREPORT:PROMPT /OUT:"Z:\College\2019-2020\Software design\Lab 1\Lab 2\FPAR\Debug\FPAR.exe" /INCREMENTAL /NOLOGO kernel32.lib user32.lib gdi32.lib winspool.lib comdlg32.lib advapi32.lib shell32.lib ole32.lib oleaut32.lib uuid.lib odbc32.lib odbccp32.lib /MANIFEST /ManifestFile:"Debug\FPAR.exe.intermediate.manifest" /MANIFESTUAC:"level='asInvoker' uiAccess='false'" /DEBUG /PDB:"Z:\College\2019-2020\Software design\Lab 1\Lab 2\FPAR\Debug\FPAR.pdb" /SUBSYSTEM:CONSOLE /TLBID:1 /DYNAMICBASE /NXCOMPAT /IMPLIB:"Z:\College\2019-2020\Software design\Lab 1\Lab 2\FPAR\Debug\FPAR.lib" /MACHINE:X86 Debug\FPAR.exe.embed.manifest.res
         Debug\FPAR.obj
       Manifest:
         C:\Program Files (x86)\Microsoft SDKs\Windows\v7.0A\bin\mt.exe /nologo /verbose /out:"Debug\FPAR.exe.embed.manifest" /manifest Debug\FPAR.exe.intermediate.manifest
         All outputs are up-to-date.
       LinkEmbedManifest:
         C:\Program Files (x86)\Microsoft Visual Studio 10.0\VC\bin\link.exe /ERRORREPORT:PROMPT /OUT:"Z:\College\2019-2020\Software design\Lab 1\Lab 2\FPAR\Debug\FPAR.exe" /INCREMENTAL /NOLOGO kernel32.lib user32.lib gdi32.lib winspool.lib comdlg32.lib advapi32.lib shell32.lib ole32.lib oleaut32.lib uuid.lib odbc32.lib odbccp32.lib /MANIFEST /ManifestFile:"Debug\FPAR.exe.intermediate.manifest" /MANIFESTUAC:"level='asInvoker' uiAccess='false'" /DEBUG /PDB:"Z:\College\2019-2020\Software design\Lab 1\Lab 2\FPAR\Debug\FPAR.pdb" /SUBSYSTEM:CONSOLE /TLBID:1 /DYNAMICBASE /NXCOMPAT /IMPLIB:"Z:\College\2019-2020\Software design\Lab 1\Lab 2\FPAR\Debug\FPAR.lib" /MACHINE:X86 Debug\FPAR.exe.embed.manifest.res
         Debug\FPAR.obj
         FPAR.vcxproj -> Z:\College\2019-2020\Software design\Lab 1\Lab 2\FPAR\Debug\FPAR.exe
       FinalizeBuildStatus:
         Deleting file "Debug\FPAR.unsuccessfulbuild".
         Touching "Debug\FPAR.lastbuildstate".
     1>Done Building Project "Z:\College\2019-2020\Software design\Lab 1\Lab 2\FPAR\FPAR\FPAR.vcxproj" (build target(s)).

Build succeeded.

Time Elapsed 00:00:01.76
